android/app/build/intermediates/manifest_merge_blame_file/debug/manifest-merger-blame-debug-report.txt
1<?xml version="1.0" encoding="utf-8"?>
2<manifest xmlns:android="http://schemas.android.com/apk/res/android"
3    package="com.lottery"
4    android:versionCode="1"
5    android:versionName="1.0" >
6
7    <uses-sdk
8        android:minSdkVersion="19"
9        android:targetSdkVersion="29" />
10
11    <uses-permission android:name="android.permission.SYSTEM_ALERT_WINDOW" />
11-->src\debug\AndroidManifest.xml:5:5-77
11-->src\debug\AndroidManifest.xml:5:22-75
12    <uses-permission android:name="android.permission.INTERNET" />
12-->src\main\AndroidManifest.xml:4:5-67
12-->src\main\AndroidManifest.xml:4:22-64
13    <uses-permission android:name="android.permission.ACCESS_WIFI_STATE" />
13-->[com.facebook.flipper:flipper:0.54.0] AndroidManifest.xml:16:5-76
13-->[com.facebook.flipper:flipper:0.54.0] AndroidManifest.xml:16:22-73
14    <uses-permission android:name="android.permission.ACCESS_NETWORK_STATE" />
14-->[com.google.firebase:firebase-analytics:11.8.0] AndroidManifest.xml:24:5-79
14-->[com.google.firebase:firebase-analytics:11.8.0] AndroidManifest.xml:24:22-76
15    <uses-permission android:name="android.permission.WAKE_LOCK" /> <!-- Required by older versions of Google Play services to create IID tokens -->
15-->[com.google.firebase:firebase-analytics:11.8.0] AndroidManifest.xml:25:5-68
15-->[com.google.firebase:firebase-analytics:11.8.0] AndroidManifest.xml:25:22-65
16    <uses-permission android:name="com.google.android.c2dm.permission.RECEIVE" />
16-->[com.google.firebase:firebase-iid:11.8.0] AndroidManifest.xml:26:5-82
16-->[com.google.firebase:firebase-iid:11.8.0] AndroidManifest.xml:26:22-79
17
18    <permission
18-->[com.google.firebase:firebase-iid:11.8.0] AndroidManifest.xml:28:5-30:47
19        android:name="com.lottery.permission.C2D_MESSAGE"
19-->[com.google.firebase:firebase-iid:11.8.0] AndroidManifest.xml:29:9-63
20        android:protectionLevel="signature" />
20-->[com.google.firebase:firebase-iid:11.8.0] AndroidManifest.xml:30:9-44
21
22    <uses-permission android:name="com.lottery.permission.C2D_MESSAGE" />
22-->[com.google.firebase:firebase-iid:11.8.0] AndroidManifest.xml:32:5-79
22-->[com.google.firebase:firebase-iid:11.8.0] AndroidManifest.xml:32:22-76
23
24    <uses-feature
24-->[com.google.android.gms:play-services-maps:11.8.0] AndroidManifest.xml:26:5-28:35
25        android:glEsVersion="0x00020000"
25-->[com.google.android.gms:play-services-maps:11.8.0] AndroidManifest.xml:27:9-41
26        android:required="true" />
26-->[com.google.android.gms:play-services-maps:11.8.0] AndroidManifest.xml:28:9-32
27
28    <application
28-->src\main\AndroidManifest.xml:6:5-26:19
29        android:name="com.lottery.MainApplication"
29-->src\main\AndroidManifest.xml:8:7-38
30        android:allowBackup="false"
30-->src\main\AndroidManifest.xml:12:7-34
31        android:appComponentFactory="androidx.core.app.CoreComponentFactory"
31-->[androidx.core:core:1.1.0] AndroidManifest.xml:24:18-86
32        android:debuggable="true"
33        android:icon="@mipmap/ic_launcher"
33-->src\main\AndroidManifest.xml:10:7-41
34        android:label="@string/app_name"
34-->src\main\AndroidManifest.xml:9:7-39
35        android:roundIcon="@mipmap/ic_launcher_round"
35-->src\main\AndroidManifest.xml:11:7-52
36        android:theme="@style/AppTheme"
36-->src\main\AndroidManifest.xml:13:7-38
37        android:usesCleartextTraffic="true" >
37-->src\main\AndroidManifest.xml:7:7-42
38        <activity
38-->src\main\AndroidManifest.xml:14:7-24:18
39            android:name="com.lottery.MainActivity"
39-->src\main\AndroidManifest.xml:15:9-37
40            android:configChanges="keyboard|keyboardHidden|orientation|screenSize|uiMode"
40-->src\main\AndroidManifest.xml:17:9-86
41            android:label="@string/app_name"
41-->src\main\AndroidManifest.xml:16:9-41
42            android:launchMode="singleTask"
42-->src\main\AndroidManifest.xml:18:9-40
43            android:windowSoftInputMode="adjustResize" >
43-->src\main\AndroidManifest.xml:19:9-51
44            <intent-filter>
44-->src\main\AndroidManifest.xml:20:9-23:25
45                <action android:name="android.intent.action.MAIN" />
45-->src\main\AndroidManifest.xml:21:13-65
45-->src\main\AndroidManifest.xml:21:21-62
46
47                <category android:name="android.intent.category.LAUNCHER" />
47-->src\main\AndroidManifest.xml:22:13-73
47-->src\main\AndroidManifest.xml:22:23-70
48            </intent-filter>
49        </activity>
50        <activity android:name="com.facebook.react.devsupport.DevSettingsActivity" />
50-->src\main\AndroidManifest.xml:25:7-84
50-->src\main\AndroidManifest.xml:25:17-81
51
52        <provider
52-->[:react-native-webview] AndroidManifest.xml:12:9-20:20
53            android:name="com.reactnativecommunity.webview.RNCWebViewFileProvider"
53-->[:react-native-webview] AndroidManifest.xml:13:13-83
54            android:authorities="com.lottery.fileprovider"
54-->[:react-native-webview] AndroidManifest.xml:14:13-64
55            android:exported="false"
55-->[:react-native-webview] AndroidManifest.xml:15:13-37
56            android:grantUriPermissions="true" >
56-->[:react-native-webview] AndroidManifest.xml:16:13-47
57            <meta-data
57-->[:react-native-webview] AndroidManifest.xml:17:13-19:63
58                android:name="android.support.FILE_PROVIDER_PATHS"
58-->[:react-native-webview] AndroidManifest.xml:18:17-67
59                android:resource="@xml/file_provider_paths" />
59-->[:react-native-webview] AndroidManifest.xml:19:17-60
60        </provider>
61
62        <activity
62-->[:tipsi-stripe] AndroidManifest.xml:12:9-16:75
63            android:name="com.gettipsi.stripe.OpenBrowserActivity"
63-->[:tipsi-stripe] AndroidManifest.xml:13:13-67
64            android:exported="false"
64-->[:tipsi-stripe] AndroidManifest.xml:14:13-37
65            android:launchMode="singleTask"
65-->[:tipsi-stripe] AndroidManifest.xml:15:13-44
66            android:theme="@android:style/Theme.Translucent.NoTitleBar" />
66-->[:tipsi-stripe] AndroidManifest.xml:16:13-72
67        <activity
67-->[:tipsi-stripe] AndroidManifest.xml:17:9-30:20
68            android:name="com.gettipsi.stripe.RedirectUriReceiver"
68-->[:tipsi-stripe] AndroidManifest.xml:18:13-67
69            android:exported="true"
69-->[:tipsi-stripe] AndroidManifest.xml:19:13-36
70            android:launchMode="singleTask"
70-->[:tipsi-stripe] AndroidManifest.xml:20:13-44
71            android:theme="@android:style/Theme.Translucent.NoTitleBar.Fullscreen" >
71-->[:tipsi-stripe] AndroidManifest.xml:21:13-83
72            <intent-filter>
72-->[:tipsi-stripe] AndroidManifest.xml:22:13-29:29
73                <action android:name="android.intent.action.VIEW" />
73-->[:tipsi-stripe] AndroidManifest.xml:23:17-69
73-->[:tipsi-stripe] AndroidManifest.xml:23:25-66
74
75                <category android:name="android.intent.category.DEFAULT" />
75-->[:tipsi-stripe] AndroidManifest.xml:25:17-76
75-->[:tipsi-stripe] AndroidManifest.xml:25:27-73
76                <category android:name="android.intent.category.BROWSABLE" />
76-->[:tipsi-stripe] AndroidManifest.xml:26:17-78
76-->[:tipsi-stripe] AndroidManifest.xml:26:27-75
77
78                <data android:scheme="example" />
78-->[:tipsi-stripe] AndroidManifest.xml:28:17-50
78-->[:tipsi-stripe] AndroidManifest.xml:28:23-47
79            </intent-filter>
80        </activity>
81
82        <receiver
82-->[com.google.firebase:firebase-analytics:11.8.0] AndroidManifest.xml:28:9-32:20
83            android:name="com.google.android.gms.measurement.AppMeasurementReceiver"
83-->[com.google.firebase:firebase-analytics:11.8.0] AndroidManifest.xml:29:13-85
84            android:enabled="true"
84-->[com.google.firebase:firebase-analytics:11.8.0] AndroidManifest.xml:30:13-35
85            android:exported="false" >
85-->[com.google.firebase:firebase-analytics:11.8.0] AndroidManifest.xml:31:13-37
86        </receiver>
87        <receiver
87-->[com.google.firebase:firebase-analytics:11.8.0] AndroidManifest.xml:33:9-41:20
88            android:name="com.google.android.gms.measurement.AppMeasurementInstallReferrerReceiver"
88-->[com.google.firebase:firebase-analytics:11.8.0] AndroidManifest.xml:34:13-100
89            android:enabled="true"
89-->[com.google.firebase:firebase-analytics:11.8.0] AndroidManifest.xml:35:13-35
90            android:exported="true"
90-->[com.google.firebase:firebase-analytics:11.8.0] AndroidManifest.xml:36:13-36
91            android:permission="android.permission.INSTALL_PACKAGES" >
91-->[com.google.firebase:firebase-analytics:11.8.0] AndroidManifest.xml:37:13-69
92            <intent-filter>
92-->[com.google.firebase:firebase-analytics:11.8.0] AndroidManifest.xml:38:13-40:29
93                <action android:name="com.android.vending.INSTALL_REFERRER" />
93-->[com.google.firebase:firebase-analytics:11.8.0] AndroidManifest.xml:39:17-79
93-->[com.google.firebase:firebase-analytics:11.8.0] AndroidManifest.xml:39:25-76
94            </intent-filter>
95        </receiver>
96
97        <service
97-->[com.google.firebase:firebase-analytics:11.8.0] AndroidManifest.xml:43:9-46:40
98            android:name="com.google.android.gms.measurement.AppMeasurementService"
98-->[com.google.firebase:firebase-analytics:11.8.0] AndroidManifest.xml:44:13-84
99            android:enabled="true"
99-->[com.google.firebase:firebase-analytics:11.8.0] AndroidManifest.xml:45:13-35
100            android:exported="false" />
100-->[com.google.firebase:firebase-analytics:11.8.0] AndroidManifest.xml:46:13-37
101        <service
101-->[com.google.firebase:firebase-analytics:11.8.0] AndroidManifest.xml:47:9-51:72
102            android:name="com.google.android.gms.measurement.AppMeasurementJobService"
102-->[com.google.firebase:firebase-analytics:11.8.0] AndroidManifest.xml:48:13-87
103            android:enabled="true"
103-->[com.google.firebase:firebase-analytics:11.8.0] AndroidManifest.xml:49:13-35
104            android:exported="false"
104-->[com.google.firebase:firebase-analytics:11.8.0] AndroidManifest.xml:50:13-37
105            android:permission="android.permission.BIND_JOB_SERVICE" />
105-->[com.google.firebase:firebase-analytics:11.8.0] AndroidManifest.xml:51:13-69
106
107        <activity
107-->[com.stripe:stripe-android:10.4.6] AndroidManifest.xml:12:9-14:57
108            android:name="com.stripe.android.view.AddPaymentMethodActivity"
108-->[com.stripe:stripe-android:10.4.6] AndroidManifest.xml:13:13-76
109            android:theme="@style/StripeDefaultTheme" />
109-->[com.stripe:stripe-android:10.4.6] AndroidManifest.xml:14:13-54
110        <activity
110-->[com.stripe:stripe-android:10.4.6] AndroidManifest.xml:15:9-17:57
111            android:name="com.stripe.android.view.PaymentMethodsActivity"
111-->[com.stripe:stripe-android:10.4.6] AndroidManifest.xml:16:13-74
112            android:theme="@style/StripeDefaultTheme" />
112-->[com.stripe:stripe-android:10.4.6] AndroidManifest.xml:17:13-54
113        <activity
113-->[com.stripe:stripe-android:10.4.6] AndroidManifest.xml:18:9-20:57
114            android:name="com.stripe.android.view.PaymentFlowActivity"
114-->[com.stripe:stripe-android:10.4.6] AndroidManifest.xml:19:13-71
115            android:theme="@style/StripeDefaultTheme" />
115-->[com.stripe:stripe-android:10.4.6] AndroidManifest.xml:20:13-54
116        <activity
116-->[com.stripe:stripe-android:10.4.6] AndroidManifest.xml:21:9-23:57
117            android:name="com.stripe.android.view.PaymentAuthWebViewActivity"
117-->[com.stripe:stripe-android:10.4.6] AndroidManifest.xml:22:13-78
118            android:theme="@style/StripeDefaultTheme" />
118-->[com.stripe:stripe-android:10.4.6] AndroidManifest.xml:23:13-54
119        <activity
119-->[com.stripe:stripe-android:10.4.6] AndroidManifest.xml:24:9-26:57
120            android:name="com.stripe.android.view.PaymentRelayActivity"
120-->[com.stripe:stripe-android:10.4.6] AndroidManifest.xml:25:13-72
121            android:theme="@style/StripeDefaultTheme" />
121-->[com.stripe:stripe-android:10.4.6] AndroidManifest.xml:26:13-54
122        <activity
122-->[com.stripe:stripe-3ds2-android:1.2.2] AndroidManifest.xml:12:9-14:54
123            android:name="com.stripe.android.stripe3ds2.views.ChallengeActivity"
123-->[com.stripe:stripe-3ds2-android:1.2.2] AndroidManifest.xml:13:13-81
124            android:theme="@style/Stripe3DS2Theme" />
124-->[com.stripe:stripe-3ds2-android:1.2.2] AndroidManifest.xml:14:13-51
125        <activity
125-->[com.stripe:stripe-3ds2-android:1.2.2] AndroidManifest.xml:15:9-17:54
126            android:name="com.stripe.android.stripe3ds2.views.ChallengeProgressDialogActivity"
126-->[com.stripe:stripe-3ds2-android:1.2.2] AndroidManifest.xml:16:13-95
127            android:theme="@style/Stripe3DS2Theme" />
127-->[com.stripe:stripe-3ds2-android:1.2.2] AndroidManifest.xml:17:13-51
128
129        <receiver
129-->[com.google.firebase:firebase-iid:11.8.0] AndroidManifest.xml:35:9-44:20
130            android:name="com.google.firebase.iid.FirebaseInstanceIdReceiver"
130-->[com.google.firebase:firebase-iid:11.8.0] AndroidManifest.xml:36:13-78
131            android:exported="true"
131-->[com.google.firebase:firebase-iid:11.8.0] AndroidManifest.xml:37:13-36
132            android:permission="com.google.android.c2dm.permission.SEND" >
132-->[com.google.firebase:firebase-iid:11.8.0] AndroidManifest.xml:38:13-73
133            <intent-filter>
133-->[com.google.firebase:firebase-iid:11.8.0] AndroidManifest.xml:39:13-43:29
134                <action android:name="com.google.android.c2dm.intent.RECEIVE" />
134-->[com.google.firebase:firebase-iid:11.8.0] AndroidManifest.xml:40:17-81
134-->[com.google.firebase:firebase-iid:11.8.0] AndroidManifest.xml:40:25-78
135
136                <category android:name="com.lottery" />
136-->[com.google.firebase:firebase-iid:11.8.0] AndroidManifest.xml:42:17-61
136-->[com.google.firebase:firebase-iid:11.8.0] AndroidManifest.xml:42:27-58
137            </intent-filter>
138        </receiver>
139        <!--
140             FirebaseInstanceIdService performs security checks at runtime,
141             no need for explicit permissions despite exported="true"
142        -->
143        <service
143-->[com.google.firebase:firebase-iid:11.8.0] AndroidManifest.xml:50:9-56:19
144            android:name="com.google.firebase.iid.FirebaseInstanceIdService"
144-->[com.google.firebase:firebase-iid:11.8.0] AndroidManifest.xml:51:13-77
145            android:exported="true" >
145-->[com.google.firebase:firebase-iid:11.8.0] AndroidManifest.xml:52:13-36
146            <intent-filter android:priority="-500" >
146-->[com.google.firebase:firebase-iid:11.8.0] AndroidManifest.xml:53:13-55:29
146-->[com.google.firebase:firebase-iid:11.8.0] AndroidManifest.xml:53:28-51
147                <action android:name="com.google.firebase.INSTANCE_ID_EVENT" />
147-->[com.google.firebase:firebase-iid:11.8.0] AndroidManifest.xml:54:17-80
147-->[com.google.firebase:firebase-iid:11.8.0] AndroidManifest.xml:54:25-77
148            </intent-filter>
149        </service>
150
151        <provider
151-->[com.google.firebase:firebase-common:11.8.0] AndroidManifest.xml:8:9-12:39
152            android:name="com.google.firebase.provider.FirebaseInitProvider"
152-->[com.google.firebase:firebase-common:11.8.0] AndroidManifest.xml:9:13-77
153            android:authorities="com.lottery.firebaseinitprovider"
153-->[com.google.firebase:firebase-common:11.8.0] AndroidManifest.xml:10:13-72
154            android:exported="false"
154-->[com.google.firebase:firebase-common:11.8.0] AndroidManifest.xml:11:13-37
155            android:initOrder="100" />
155-->[com.google.firebase:firebase-common:11.8.0] AndroidManifest.xml:12:13-36
156
157        <activity
157-->[com.google.android.gms:play-services-auth:17.0.0] AndroidManifest.xml:23:9-27:75
158            android:name="com.google.android.gms.auth.api.signin.internal.SignInHubActivity"
158-->[com.google.android.gms:play-services-auth:17.0.0] AndroidManifest.xml:24:13-93
159            android:excludeFromRecents="true"
159-->[com.google.android.gms:play-services-auth:17.0.0] AndroidManifest.xml:25:13-46
160            android:exported="false"
160-->[com.google.android.gms:play-services-auth:17.0.0] AndroidManifest.xml:26:13-37
161            android:theme="@android:style/Theme.Translucent.NoTitleBar" />
161-->[com.google.android.gms:play-services-auth:17.0.0] AndroidManifest.xml:27:13-72
162        <!--
163            Service handling Google Sign-In user revocation. For apps that do not integrate with
164            Google Sign-In, this service will never be started.
165        -->
166        <service
166-->[com.google.android.gms:play-services-auth:17.0.0] AndroidManifest.xml:33:9-36:110
167            android:name="com.google.android.gms.auth.api.signin.RevocationBoundService"
167-->[com.google.android.gms:play-services-auth:17.0.0] AndroidManifest.xml:34:13-89
168            android:exported="true"
168-->[com.google.android.gms:play-services-auth:17.0.0] AndroidManifest.xml:35:13-36
169            android:permission="com.google.android.gms.auth.api.signin.permission.REVOCATION_NOTIFICATION" />
169-->[com.google.android.gms:play-services-auth:17.0.0] AndroidManifest.xml:36:13-107
170
171        <activity
171-->[com.google.android.gms:play-services-base:17.0.0] AndroidManifest.xml:23:9-26:75
172            android:name="com.google.android.gms.common.api.GoogleApiActivity"
172-->[com.google.android.gms:play-services-base:17.0.0] AndroidManifest.xml:24:13-79
173            android:exported="false"
173-->[com.google.android.gms:play-services-base:17.0.0] AndroidManifest.xml:25:13-37
174            android:theme="@android:style/Theme.Translucent.NoTitleBar" />
174-->[com.google.android.gms:play-services-base:17.0.0] AndroidManifest.xml:26:13-72
175
176        <meta-data
176-->[com.google.android.gms:play-services-basement:17.0.0] AndroidManifest.xml:23:9-25:69
177            android:name="com.google.android.gms.version"
177-->[com.google.android.gms:play-services-basement:17.0.0] AndroidManifest.xml:24:13-58
178            android:value="@integer/google_play_services_version" />
178-->[com.google.android.gms:play-services-basement:17.0.0] AndroidManifest.xml:25:13-66
179    </application>
180
181</manifest>